\BOOKMARK [0][-]{chapter*.2}{Acknowledgements}{}% 1
\BOOKMARK [0][-]{chapter*.3}{Introduction}{}% 2
\BOOKMARK [0][-]{chapter.1}{Numbers}{}% 3
\BOOKMARK [1][-]{section.1.1}{Story of numbers}{chapter.1}% 4
\BOOKMARK [1][-]{section.1.2}{Integers}{chapter.1}% 5
\BOOKMARK [1][-]{section.1.3}{Rational numbers}{chapter.1}% 6
\BOOKMARK [1][-]{section.1.4}{Order of operations}{chapter.1}% 7
\BOOKMARK [0][-]{chapter.2}{Sequences}{}% 8
\BOOKMARK [1][-]{section.2.1}{Sequences and recursion}{chapter.2}% 9
\BOOKMARK [1][-]{section.2.2}{Geometric sequences}{chapter.2}% 10
\BOOKMARK [1][-]{section.2.3}{Arithmetic sequences}{chapter.2}% 11
\BOOKMARK [1][-]{section.2.4}{Other types of sequences}{chapter.2}% 12
\BOOKMARK [0][-]{chapter.3}{Graphs and data}{}% 13
\BOOKMARK [1][-]{section.3.1}{Coordinate graphing}{chapter.3}% 14
\BOOKMARK [1][-]{section.3.2}{Algebraic expressions}{chapter.3}% 15
\BOOKMARK [1][-]{section.3.3}{Graphing a function}{chapter.3}% 16
\BOOKMARK [1][-]{section.3.4}{Patterns in data}{chapter.3}% 17
\BOOKMARK [1][-]{section.3.5}{Interpreting graphs}{chapter.3}% 18
\BOOKMARK [0][-]{chapter.4}{Fundamentals of functions}{}% 19
\BOOKMARK [1][-]{section.4.1}{Mathematical relationships}{chapter.4}% 20
\BOOKMARK [1][-]{section.4.2}{Domain and range}{chapter.4}% 21
\BOOKMARK [1][-]{section.4.3}{Three families of Algebra 1}{chapter.4}% 22
\BOOKMARK [0][-]{chapter.5}{Solving Equations}{}% 23
\BOOKMARK [1][-]{section.5.1}{Equivalence}{chapter.5}% 24
\BOOKMARK [1][-]{section.5.2}{Simplified algebraic expressions}{chapter.5}% 25
\BOOKMARK [1][-]{section.5.3}{Properties of equality \(POEs\)}{chapter.5}% 26
\BOOKMARK [1][-]{section.5.4}{Level 1 and 2 linear equations}{chapter.5}% 27
\BOOKMARK [1][-]{section.5.5}{Level 3 linear equations: Multiple steps}{chapter.5}% 28
\BOOKMARK [1][-]{section.5.6}{Level 4 linear equations: Variables on both sides}{chapter.5}% 29
\BOOKMARK [1][-]{section.5.7}{Level 5 linear equations: Absolute value}{chapter.5}% 30
\BOOKMARK [1][-]{section.5.8}{Applications of equation solving}{chapter.5}% 31
\BOOKMARK [0][-]{chapter.6}{Proportional Reasoning}{}% 32
\BOOKMARK [1][-]{section.6.1}{Proportions as equations}{chapter.6}% 33
\BOOKMARK [1][-]{section.6.2}{Applications of proportional reasoning}{chapter.6}% 34
\BOOKMARK [1][-]{section.6.3}{Direct variation}{chapter.6}% 35
\BOOKMARK [1][-]{section.6.4}{Inverse variation}{chapter.6}% 36
\BOOKMARK [0][-]{chapter.7}{Linear Functions}{}% 37
\BOOKMARK [1][-]{section.7.1}{Rate of change and slope}{chapter.7}% 38
\BOOKMARK [1][-]{section.7.2}{Point-slope form}{chapter.7}% 39
\BOOKMARK [1][-]{section.7.3}{Slope-intercept form}{chapter.7}% 40
\BOOKMARK [1][-]{section.7.4}{Standard form}{chapter.7}% 41
\BOOKMARK [1][-]{section.7.5}{Parallel and perpendicular lines}{chapter.7}% 42
\BOOKMARK [0][-]{chapter.8}{Linear Systems}{}% 43
\BOOKMARK [1][-]{section.8.1}{Mathematical modeling}{chapter.8}% 44
\BOOKMARK [1][-]{section.8.2}{Solving by graphing}{chapter.8}% 45
\BOOKMARK [1][-]{section.8.3}{Solving by substitution}{chapter.8}% 46
\BOOKMARK [1][-]{section.8.4}{Solving by elimination}{chapter.8}% 47
\BOOKMARK [1][-]{section.8.5}{Applications of systems}{chapter.8}% 48
\BOOKMARK [0][-]{chapter.9}{Inequalities}{}% 49
\BOOKMARK [1][-]{section.9.1}{Equations versus inequalities}{chapter.9}% 50
\BOOKMARK [1][-]{section.9.2}{One-variable inequalities}{chapter.9}% 51
\BOOKMARK [1][-]{section.9.3}{Solving inequalities}{chapter.9}% 52
\BOOKMARK [1][-]{section.9.4}{Two-variable inequalities}{chapter.9}% 53
\BOOKMARK [1][-]{section.9.5}{Systems of inequalities}{chapter.9}% 54
\BOOKMARK [1][-]{section.9.6}{Optimization using linear programming}{chapter.9}% 55
\BOOKMARK [0][-]{chapter.10}{Exponential Functions}{}% 56
\BOOKMARK [1][-]{section.10.1}{Exponential relationships}{chapter.10}% 57
\BOOKMARK [1][-]{section.10.2}{Exponential growth}{chapter.10}% 58
\BOOKMARK [1][-]{section.10.3}{Percent change}{chapter.10}% 59
\BOOKMARK [1][-]{section.10.4}{Personal finance}{chapter.10}% 60
\BOOKMARK [1][-]{section.10.5}{Exponential decay}{chapter.10}% 61
\BOOKMARK [0][-]{chapter.11}{Exponential Expressions}{}% 62
\BOOKMARK [1][-]{section.11.1}{Fundamentals of exponents}{chapter.11}% 63
\BOOKMARK [1][-]{section.11.2}{Simplified algebraic expressions: Exponents edition}{chapter.11}% 64
\BOOKMARK [1][-]{section.11.3}{Product properties}{chapter.11}% 65
\BOOKMARK [1][-]{section.11.4}{Quotient properties}{chapter.11}% 66
\BOOKMARK [1][-]{section.11.5}{Raising sums to powers}{chapter.11}% 67
\BOOKMARK [0][-]{chapter.12}{Quadratic Equations}{}% 68
\BOOKMARK [1][-]{section.12.1}{Challenges to solving quadratics}{chapter.12}% 69
\BOOKMARK [1][-]{section.12.2}{Level 1 and 2 quadratics}{chapter.12}% 70
\BOOKMARK [1][-]{section.12.3}{Level 3 quadratics: Quadrangle method}{chapter.12}% 71
\BOOKMARK [1][-]{section.12.4}{Level 4 quadratics: Adjust the constant term}{chapter.12}% 72
\BOOKMARK [1][-]{section.12.5}{Level 5 quadratics: Adjust the linear term}{chapter.12}% 73
\BOOKMARK [1][-]{section.12.6}{Level 6 quadratics: Adjust the quadratic term}{chapter.12}% 74
\BOOKMARK [0][-]{chapter.13}{Radical Expressions}{}% 75
\BOOKMARK [1][-]{section.13.1}{Real numbers}{chapter.13}% 76
\BOOKMARK [1][-]{section.13.2}{Square roots}{chapter.13}% 77
\BOOKMARK [1][-]{section.13.3}{Simplified radical form}{chapter.13}% 78
\BOOKMARK [1][-]{section.13.4}{Coordinate geometry}{chapter.13}% 79
\BOOKMARK [0][-]{chapter.14}{Quadratic Functions}{}% 80
\BOOKMARK [1][-]{section.14.1}{Quadratic Relationships}{chapter.14}% 81
\BOOKMARK [1][-]{section.14.2}{Vertex form of a quadratic function}{chapter.14}% 82
\BOOKMARK [1][-]{section.14.3}{Standard form of a quadratic function}{chapter.14}% 83
\BOOKMARK [1][-]{section.14.4}{Projectile Motion}{chapter.14}% 84
\BOOKMARK [0][-]{chapter.15}{Polynomials}{}% 85
\BOOKMARK [1][-]{section.15.1}{Building Polynomials}{chapter.15}% 86
\BOOKMARK [1][-]{section.15.2}{Adding, subtracting, and multiplying polynomials}{chapter.15}% 87
\BOOKMARK [1][-]{section.15.3}{Dividing polynomials}{chapter.15}% 88
\BOOKMARK [0][-]{chapter.16}{Factoring}{}% 89
\BOOKMARK [1][-]{section.16.1}{Quadratic equations, revisited}{chapter.16}% 90
\BOOKMARK [1][-]{section.16.2}{Factoring level 1: Greatest common factor}{chapter.16}% 91
\BOOKMARK [1][-]{section.16.3}{Factoring level 2: Monic quadratics}{chapter.16}% 92
\BOOKMARK [1][-]{section.16.4}{Factoring levels 3 and 4: Two special cases}{chapter.16}% 93
\BOOKMARK [1][-]{section.16.5}{Factoring level 5: Factoring by grouping}{chapter.16}% 94
\BOOKMARK [1][-]{section.16.6}{Solving equations by factoring}{chapter.16}% 95
\BOOKMARK [0][-]{appendix.A}{Table of prime numbers to 2000}{}% 96
\BOOKMARK [0][-]{section*.60}{Glossary}{}% 97
\BOOKMARK [0][-]{section*.63}{Bibliography}{}% 98
\BOOKMARK [0][-]{section*.65}{Index}{}% 99
